[0630/094128.076:ERROR:settings.cc(320)] Settings magic is not 1129342067
[0719/093734.439:ERROR:crash_report_database_win.cc(429)] unexpected header
[0727/140605.928:ERROR:crash_report_database_win.cc(429)] unexpected header
[0728/150459.215:ERROR:crash_report_database_win.cc(429)] unexpected header
[0728/205050.871:ERROR:crash_report_database_win.cc(429)] unexpected header
[0731/115339.948:ERROR:crash_report_database_win.cc(429)] unexpected header
[0806/090100.167:ERROR:process_reader_win.cc(123)] NtOpenThread: {Access Denied} A process has requested access to an object, but has not been granted those access rights. (0xc0000022)
[0806/090100.167:ERROR:process_reader_win.cc(123)] NtOpenThread: {Access Denied} A process has requested access to an object, but has not been granted those access rights. (0xc0000022)
[0806/090100.167:ERROR:process_reader_win.cc(123)] NtOpenThread: {Access Denied} A process has requested access to an object, but has not been granted those access rights. (0xc0000022)
[0806/090100.167:ERROR:process_reader_win.cc(123)] NtOpenThread: {Access Denied} A process has requested access to an object, but has not been granted those access rights. (0xc0000022)
[0806/090100.167:ERROR:process_reader_win.cc(123)] NtOpenThread: {Access Denied} A process has requested access to an object, but has not been granted those access rights. (0xc0000022)
[0806/090100.167:ERROR:process_reader_win.cc(123)] NtOpenThread: {Access Denied} A process has requested access to an object, but has not been granted those access rights. (0xc0000022)
[0806/090100.167:ERROR:process_reader_win.cc(123)] NtOpenThread: {Access Denied} A process has requested access to an object, but has not been granted those access rights. (0xc0000022)
[0806/090100.167:ERROR:process_reader_win.cc(123)] NtOpenThread: {Access Denied} A process has requested access to an object, but has not been granted those access rights. (0xc0000022)
[0806/090100.167:ERROR:process_reader_win.cc(123)] NtOpenThread: {Access Denied} A process has requested access to an object, but has not been granted those access rights. (0xc0000022)
[0806/090100.167:ERROR:process_reader_win.cc(123)] NtOpenThread: {Access Denied} A process has requested access to an object, but has not been granted those access rights. (0xc0000022)
[0806/090101.167:ERROR:exception_snapshot_win.cc(98)] thread ID 6944 not found in process
[0806/090101.167:ERROR:exception_snapshot_win.cc(98)] thread ID 376 not found in process
[0806/090101.167:ERROR:exception_snapshot_win.cc(98)] thread ID 4404 not found in process
[0806/090101.167:ERROR:exception_snapshot_win.cc(98)] thread ID 7664 not found in process
[0806/090101.167:ERROR:exception_snapshot_win.cc(98)] thread ID 4044 not found in process
[0806/090101.167:ERROR:exception_snapshot_win.cc(98)] thread ID 5296 not found in process
[0806/090101.167:ERROR:exception_snapshot_win.cc(98)] thread ID 1184 not found in process
[0806/090101.167:ERROR:exception_snapshot_win.cc(98)] thread ID 9064 not found in process
[0806/090101.167:ERROR:exception_snapshot_win.cc(98)] thread ID 7172 not found in process
[0806/090101.167:ERROR:exception_snapshot_win.cc(98)] thread ID 4400 not found in process
[1115/092727.684:ERROR:directory_reader_win.cc(43)] FindFirstFile: The system cannot find the path specified. (0x3)
[1231/182112.288:ERROR:directory_reader_win.cc(43)] FindFirstFile: The system cannot find the path specified. (0x3)
[0116/230829.959:ERROR:directory_reader_win.cc(43)] FindFirstFile: The system cannot find the path specified. (0x3)
